<?xml version="1.0" encoding="UTF-8"?>
<testsuite xmlns:xsi="http://www.w3.org/2001/XMLSchema-instance" xsi:noNamespaceSchemaLocation="https://maven.apache.org/surefire/maven-surefire-plugin/xsd/surefire-test-report-3.0.xsd" version="3.0" name="calculator.RunCucumberTest" time="0.358" tests="1" errors="0" skipped="0" failures="0">
  <properties>
    <property name="cucumber.features" value="features/"/>
    <property name="java.specification.version" value="21"/>
    <property name="sun.jnu.encoding" value="UTF-8"/>
    <property name="java.class.path" value="/Users/glenmankabidi/Documents/testinggit/target/test-classes:/Users/glenmankabidi/Documents/testinggit/target/classes:/Users/glenmankabidi/.m2/repository/io/cucumber/cucumber-java/6.10.4/cucumber-java-6.10.4.jar:/Users/glenmankabidi/.m2/repository/io/cucumber/cucumber-core/6.10.4/cucumber-core-6.10.4.jar:/Users/glenmankabidi/.m2/repository/io/cucumber/cucumber-gherkin/6.10.4/cucumber-gherkin-6.10.4.jar:/Users/glenmankabidi/.m2/repository/io/cucumber/cucumber-gherkin-messages/6.10.4/cucumber-gherkin-messages-6.10.4.jar:/Users/glenmankabidi/.m2/repository/io/cucumber/messages/15.0.0/messages-15.0.0.jar:/Users/glenmankabidi/.m2/repository/io/cucumber/tag-expressions/3.0.1/tag-expressions-3.0.1.jar:/Users/glenmankabidi/.m2/repository/io/cucumber/cucumber-expressions/10.3.0/cucumber-expressions-10.3.0.jar:/Users/glenmankabidi/.m2/repository/io/cucumber/datatable/3.5.0/datatable-3.5.0.jar:/Users/glenmankabidi/.m2/repository/io/cucumber/cucumber-plugin/6.10.4/cucumber-plugin-6.10.4.jar:/Users/glenmankabidi/.m2/repository/io/cucumber/docstring/6.10.4/docstring-6.10.4.jar:/Users/glenmankabidi/.m2/repository/io/cucumber/html-formatter/13.0.0/html-formatter-13.0.0.jar:/Users/glenmankabidi/.m2/repository/io/cucumber/create-meta/4.0.0/create-meta-4.0.0.jar:/Users/glenmankabidi/.m2/repository/org/apiguardian/apiguardian-api/1.1.1/apiguardian-api-1.1.1.jar:/Users/glenmankabidi/.m2/repository/io/cucumber/cucumber-junit/6.10.4/cucumber-junit-6.10.4.jar:/Users/glenmankabidi/.m2/repository/junit/junit/4.13.1/junit-4.13.1.jar:/Users/glenmankabidi/.m2/repository/org/hamcrest/hamcrest-core/1.3/hamcrest-core-1.3.jar:"/>
    <property name="java.vm.vendor" value="Homebrew"/>
    <property name="sun.arch.data.model" value="64"/>
    <property name="java.vendor.url" value="https://github.com/Homebrew/homebrew-core/issues"/>
    <property name="os.name" value="Mac OS X"/>
    <property name="java.vm.specification.version" value="21"/>
    <property name="sun.java.launcher" value="SUN_STANDARD"/>
    <property name="user.country" value="ZA"/>
    <property name="sun.boot.library.path" value="/opt/homebrew/Cellar/openjdk/21.0.2/libexec/openjdk.jdk/Contents/Home/lib"/>
    <property name="sun.java.command" value="/Users/glenmankabidi/Documents/testinggit/target/surefire/surefirebooter-20240823142201588_3.jar /Users/glenmankabidi/Documents/testinggit/target/surefire 2024-08-23T14-22-01_482-jvmRun1 surefire-20240823142201588_1tmp surefire_0-20240823142201588_2tmp"/>
    <property name="http.nonProxyHosts" value="local|*.local|169.254/16|*.169.254/16"/>
    <property name="jdk.debug" value="release"/>
    <property name="surefire.test.class.path" value="/Users/glenmankabidi/Documents/testinggit/target/test-classes:/Users/glenmankabidi/Documents/testinggit/target/classes:/Users/glenmankabidi/.m2/repository/io/cucumber/cucumber-java/6.10.4/cucumber-java-6.10.4.jar:/Users/glenmankabidi/.m2/repository/io/cucumber/cucumber-core/6.10.4/cucumber-core-6.10.4.jar:/Users/glenmankabidi/.m2/repository/io/cucumber/cucumber-gherkin/6.10.4/cucumber-gherkin-6.10.4.jar:/Users/glenmankabidi/.m2/repository/io/cucumber/cucumber-gherkin-messages/6.10.4/cucumber-gherkin-messages-6.10.4.jar:/Users/glenmankabidi/.m2/repository/io/cucumber/messages/15.0.0/messages-15.0.0.jar:/Users/glenmankabidi/.m2/repository/io/cucumber/tag-expressions/3.0.1/tag-expressions-3.0.1.jar:/Users/glenmankabidi/.m2/repository/io/cucumber/cucumber-expressions/10.3.0/cucumber-expressions-10.3.0.jar:/Users/glenmankabidi/.m2/repository/io/cucumber/datatable/3.5.0/datatable-3.5.0.jar:/Users/glenmankabidi/.m2/repository/io/cucumber/cucumber-plugin/6.10.4/cucumber-plugin-6.10.4.jar:/Users/glenmankabidi/.m2/repository/io/cucumber/docstring/6.10.4/docstring-6.10.4.jar:/Users/glenmankabidi/.m2/repository/io/cucumber/html-formatter/13.0.0/html-formatter-13.0.0.jar:/Users/glenmankabidi/.m2/repository/io/cucumber/create-meta/4.0.0/create-meta-4.0.0.jar:/Users/glenmankabidi/.m2/repository/org/apiguardian/apiguardian-api/1.1.1/apiguardian-api-1.1.1.jar:/Users/glenmankabidi/.m2/repository/io/cucumber/cucumber-junit/6.10.4/cucumber-junit-6.10.4.jar:/Users/glenmankabidi/.m2/repository/junit/junit/4.13.1/junit-4.13.1.jar:/Users/glenmankabidi/.m2/repository/org/hamcrest/hamcrest-core/1.3/hamcrest-core-1.3.jar:"/>
    <property name="sun.cpu.endian" value="little"/>
    <property name="user.home" value="/Users/glenmankabidi"/>
    <property name="user.language" value="en"/>
    <property name="java.specification.vendor" value="Oracle Corporation"/>
    <property name="java.version.date" value="2024-01-16"/>
    <property name="java.home" value="/opt/homebrew/Cellar/openjdk/21.0.2/libexec/openjdk.jdk/Contents/Home"/>
    <property name="file.separator" value="/"/>
    <property name="basedir" value="/Users/glenmankabidi/Documents/testinggit"/>
    <property name="java.vm.compressedOopsMode" value="Zero based"/>
    <property name="line.separator" value="&#10;"/>
    <property name="java.vm.specification.vendor" value="Oracle Corporation"/>
    <property name="java.specification.name" value="Java Platform API Specification"/>
    <property name="apple.awt.application.name" value="ForkedBooter"/>
    <property name="surefire.real.class.path" value="/Users/glenmankabidi/Documents/testinggit/target/surefire/surefirebooter-20240823142201588_3.jar"/>
    <property name="sun.management.compiler" value="HotSpot 64-Bit Tiered Compilers"/>
    <property name="ftp.nonProxyHosts" value="local|*.local|169.254/16|*.169.254/16"/>
    <property name="cucumber.plugin" value="json:report.json"/>
    <property name="java.runtime.version" value="21.0.2"/>
    <property name="user.name" value="glenmankabidi"/>
    <property name="stdout.encoding" value="UTF-8"/>
    <property name="path.separator" value=":"/>
    <property name="os.version" value="14.5"/>
    <property name="java.runtime.name" value="OpenJDK Runtime Environment"/>
    <property name="file.encoding" value="UTF-8"/>
    <property name="java.vm.name" value="OpenJDK 64-Bit Server VM"/>
    <property name="java.vendor.version" value="Homebrew"/>
    <property name="localRepository" value="/Users/glenmankabidi/.m2/repository"/>
    <property name="java.vendor.url.bug" value="https://github.com/Homebrew/homebrew-core/issues"/>
    <property name="java.io.tmpdir" value="/var/folders/bm/z6m2sp3d3jl1nfx9n1mtq8100000gn/T/"/>
    <property name="java.version" value="21.0.2"/>
    <property name="user.dir" value="/Users/glenmankabidi/Documents/testinggit"/>
    <property name="os.arch" value="aarch64"/>
    <property name="java.vm.specification.name" value="Java Virtual Machine Specification"/>
    <property name="native.encoding" value="UTF-8"/>
    <property name="java.library.path" value="/Users/glenmankabidi/Library/Java/Extensions:/Library/Java/Extensions:/Network/Library/Java/Extensions:/System/Library/Java/Extensions:/usr/lib/java:."/>
    <property name="java.vm.info" value="mixed mode, sharing"/>
    <property name="stderr.encoding" value="UTF-8"/>
    <property name="java.vendor" value="Homebrew"/>
    <property name="java.vm.version" value="21.0.2"/>
    <property name="sun.io.unicode.encoding" value="UnicodeBig"/>
    <property name="socksNonProxyHosts" value="local|*.local|169.254/16|*.169.254/16"/>
    <property name="java.class.version" value="65.0"/>
  </properties>
  <testcase name="calculate two number" classname="calculate two number" time="0.127">
    <system-out><![CDATA[
@TEST_BZ_322
Scenario: calculate two number               &amp#27;[90m# features/multiplication.feature:4&amp#27;[0m
  &amp#27;[32mGiven &amp#27;[0m&amp#27;[32mI have entered &amp#27;[0m&amp#27;[32m&amp#27;[1m3&amp#27;[0m&amp#27;[32m into the calculator&amp#27;[0m &amp#27;[90m# calculator.StepDefinitions.i_have_entered_into_the_calculator(java.lang.Integer)&amp#27;[0m
  &amp#27;[32mAnd &amp#27;[0m&amp#27;[32mI have entered &amp#27;[0m&amp#27;[32m&amp#27;[1m1&amp#27;[0m&amp#27;[32m into the calculator&amp#27;[0m   &amp#27;[90m# calculator.StepDefinitions.i_have_entered_into_the_calculator(java.lang.Integer)&amp#27;[0m
  &amp#27;[32mWhen &amp#27;[0m&amp#27;[32mI press multiply&amp#27;[0m                      &amp#27;[90m# calculator.StepDefinitions.i_press_multiply()&amp#27;[0m
  &amp#27;[32mThen &amp#27;[0m&amp#27;[32mthe result should be &amp#27;[0m&amp#27;[32m&amp#27;[1m3&amp#27;[0m&amp#27;[32m on the screen&amp#27;[0m  &amp#27;[90m# calculator.StepDefinitions.the_result_should_be_on_the_screen(java.lang.Integer)&amp#27;[0m
]]></system-out>
  </testcase>
</testsuite>